<?xml version="1.0" encoding="UTF-8"?>
<!-- Generated by org.testng.reporters.JUnitXMLReporter -->
<testsuite ignored="0" hostname="Poonam" failures="0" tests="4" name="Test" time="0.059" errors="0" timestamp="2022-03-13T19:55:08 IST">
  <testcase classname="qaclickacademy.AppiumTest" name="iOSApps" time="0.006"/>
  <testcase classname="qaclickacademy.AppiumTest" name="nativeAppAndroid" time="0.001"/>
  <testcase classname="qaclickacademy.SeleniumTest" name="BrowserAutomation" time="0.001"/>
  <testcase classname="qaclickacademy.SeleniumTest" name="elementsUI" time="0.002"/>
</testsuite> <!-- Test -->
