<?xml version="1.0" encoding="UTF-8"?>
<testng-results ignored="0" total="4" passed="4" failed="0" skipped="0">
  <reporter-output>
  </reporter-output>
  <suite started-at="2022-03-13T19:55:08 IST" name="Suite" finished-at="2022-03-13T19:55:08 IST" duration-ms="59">
    <groups>
    </groups>
    <test started-at="2022-03-13T19:55:08 IST" name="Test" finished-at="2022-03-13T19:55:08 IST" duration-ms="59">
      <class name="qaclickacademy.AppiumTest">
        <test-method signature="iOSApps()[pri:0, instance:qaclickacademy.AppiumTest@6e4784bc]" started-at="2022-03-13T19:55:08 IST" name="iOSApps" finished-at="2022-03-13T19:55:08 IST" duration-ms="6" status="PASS">
          <reporter-output>
          </reporter-output>
        </test-method> <!-- iOSApps -->
        <test-method signature="nativeAppAndroid()[pri:0, instance:qaclickacademy.AppiumTest@6e4784bc]" started-at="2022-03-13T19:55:08 IST" name="nativeAppAndroid" finished-at="2022-03-13T19:55:08 IST" duration-ms="1" status="PASS">
          <reporter-output>
          </reporter-output>
        </test-method> <!-- nativeAppAndroid -->
      </class> <!-- qaclickacademy.AppiumTest -->
      <class name="qaclickacademy.SeleniumTest">
        <test-method signature="BrowserAutomation()[pri:0, instance:qaclickacademy.SeleniumTest@13e39c73]" started-at="2022-03-13T19:55:08 IST" name="BrowserAutomation" finished-at="2022-03-13T19:55:08 IST" duration-ms="1" status="PASS">
          <reporter-output>
          </reporter-output>
        </test-method> <!-- BrowserAutomation -->
        <test-method signature="elementsUI()[pri:0, instance:qaclickacademy.SeleniumTest@13e39c73]" started-at="2022-03-13T19:55:08 IST" name="elementsUI" finished-at="2022-03-13T19:55:08 IST" duration-ms="2" status="PASS">
          <reporter-output>
          </reporter-output>
        </test-method> <!-- elementsUI -->
      </class> <!-- qaclickacademy.SeleniumTest -->
    </test> <!-- Test -->
  </suite> <!-- Suite -->
</testng-results>
